arr=[1,2,3,4,5,6,7,8,9];
(9) [1, 2, 3, 4, 5, 6, 7, 8, 9]0: 41: 72: 83: 9length: 4__proto__: Array(0)concat: ƒ concat()constructor: ƒ Array()copyWithin: ƒ copyWithin()entries: ƒ entries()every: ƒ every()fill: ƒ fill()filter: ƒ filter()find: ƒ find()findIndex: ƒ findIndex()flat: ƒ flat()flatMap: ƒ flatMap()forEach: ƒ forEach()includes: ƒ includes()indexOf: ƒ indexOf()join: ƒ join()keys: ƒ keys()lastIndexOf: ƒ lastIndexOf()length: 0map: ƒ map()pop: ƒ pop()push: ƒ push()reduce: ƒ reduce()reduceRight: ƒ reduceRight()reverse: ƒ reverse()shift: ƒ shift()slice: ƒ slice()some: ƒ some()sort: ƒ sort()splice: ƒ splice()toLocaleString: ƒ toLocaleString()toString: ƒ toString()unshift: ƒ unshift()values: ƒ values()Symbol(Symbol.iterator): ƒ values()Symbol(Symbol.unscopables): {copyWithin: true, entries: true, fill: true, find: true, findIndex: true, …}__proto__: Object
arr.splice(0,3);
(3) [1, 2, 3]0: 11: 22: 3length: 3__proto__: Array(0)
arr.splice(1,2);
(2) [5, 6]0: 51: 6length: 2__proto__: Array(0)
arr;
(4) [4, 7, 8, 9]0: 41: 72: 83: 9length: 4__proto__: Array(0)
arr.length
4
arr1=[0,1,3,4,5];
(5) [0, 1, 3, 4, 5]
arr1;
(5) [0, 1, 3, 4, 5]0: 01: 12: 33: 44: 5length: 5__proto__: Array(0)
arr.splice(1,2);
(2) [7, 8]
arr1.splice(1,2);
(2) [1, 3]0: 11: 3length: 2__proto__: Array(0)
arr1;
(3) [0, 4, 5]
arr1.splice(1,0,2);
[]
arr1;
(4) [0, 2, 4, 5]0: 01: 22: 43: 5length: 4__proto__: Array(0)concat: ƒ concat()constructor: ƒ Array()copyWithin: ƒ copyWithin()entries: ƒ entries()every: ƒ every()fill: ƒ fill()filter: ƒ filter()find: ƒ find()findIndex: ƒ findIndex()flat: ƒ flat()flatMap: ƒ flatMap()forEach: ƒ forEach()includes: ƒ includes()indexOf: ƒ indexOf()join: ƒ join()keys: ƒ keys()lastIndexOf: ƒ lastIndexOf()length: 0map: ƒ map()pop: ƒ pop()push: ƒ push()reduce: ƒ reduce()reduceRight: ƒ reduceRight()reverse: ƒ reverse()shift: ƒ shift()slice: ƒ slice()some: ƒ some()sort: ƒ sort()splice: ƒ splice()toLocaleString: ƒ toLocaleString()toString: ƒ toString()unshift: ƒ unshift()values: ƒ values()Symbol(Symbol.iterator): ƒ values()Symbol(Symbol.unscopables): {copyWithin: true, entries: true, fill: true, find: true, findIndex: true, …}__proto__: Object
arr1.pop(2);
5
arr1;
(3) [0, 2, 4]0: 01: 22: 4length: 3__proto__: Array(0)
arr1+arr;
"0,2,44,9"
arr1[];
{
var obj = {
id:1001, 
name:"Ram",
toString:function(){
return "Id is "+this.id+" Name "+this.name;
}
}
undefined
obj.toString
ƒ (){
return "Id is "+this.id+" Name "+this.name;
}
obj.toString();
"Id is 1001 Name Ram"
